"../../Plugins/2D/Paper2D/Content/PlaceholderTextures/DummySpriteTexture.uasset" 0
"../../Plugins/2D/Paper2D/Content/DummySpriteTexture.uasset" 1
"../../Plugins/2D/Paper2D/Content/DefaultSpriteMaterial.uasset" 2
"../../Plugins/2D/Paper2D/Content/OpaqueUnlitSpriteMaterial.uasset" 3
"D:/Users/Katya/Documents/GitHub/NHS-project/MyProject12/Content/2dSideScroller/Textures/2DBackground.uasset" 4
"D:/Users/Katya/Documents/GitHub/NHS-project/MyProject12/Content/2DSideScroller/Sprites/Background_Sprite.uasset" 5
"D:/Users/Katya/Documents/GitHub/NHS-project/MyProject12/Content/2dSideScroller/Textures/2DCharacter_IdleAnimAtlas.uasset" 6
"D:/Users/Katya/Documents/GitHub/NHS-project/MyProject12/Content/2dSideScroller/Sprites/IdleFrames/IdleCycle1.uasset" 7
"D:/Users/Katya/Documents/GitHub/NHS-project/MyProject12/Content/2dSideScroller/Sprites/IdleFrames/IdleCycle2.uasset" 8
"D:/Users/Katya/Documents/GitHub/NHS-project/MyProject12/Content/2dSideScroller/Sprites/IdleFrames/IdleCycle3.uasset" 9
"D:/Users/Katya/Documents/GitHub/NHS-project/MyProject12/Content/2dSideScroller/Sprites/IdleFrames/IdleCycle4.uasset" 10
"D:/Users/Katya/Documents/GitHub/NHS-project/MyProject12/Content/2dSideScroller/Sprites/IdleFrames/IdleCycle5.uasset" 11
"D:/Users/Katya/Documents/GitHub/NHS-project/MyProject12/Content/2dSideScroller/Sprites/IdleFrames/IdleCycle6.uasset" 12
"D:/Users/Katya/Documents/GitHub/NHS-project/MyProject12/Content/2dSideScroller/Sprites/IdleFrames/IdleCycle7.uasset" 13
"D:/Users/Katya/Documents/GitHub/NHS-project/MyProject12/Content/2dSideScroller/Sprites/IdleFrames/IdleCycle8.uasset" 14
"D:/Users/Katya/Documents/GitHub/NHS-project/MyProject12/Content/2DSideScroller/Sprites/IdleAnimation.uasset" 15
"D:/Users/Katya/Documents/GitHub/NHS-project/MyProject12/Content/2dSideScroller/Textures/2DBackgroundTile.uasset" 16
"D:/Users/Katya/Documents/GitHub/NHS-project/MyProject12/Content/2DSideScroller/Materials/PrototypingSpriteMaterial.uasset" 17
"D:/Users/Katya/Documents/GitHub/NHS-project/MyProject12/Content/2DSideScroller/Sprites/PrototypingSprite.uasset" 18
"D:/Users/Katya/Documents/GitHub/NHS-project/MyProject12/Content/2dSideScroller/Textures/2DCharacter_RunAnimAtlas.uasset" 19
"D:/Users/Katya/Documents/GitHub/NHS-project/MyProject12/Content/2dSideScroller/Sprites/RunFrames/RunCycle_1.uasset" 20
"D:/Users/Katya/Documents/GitHub/NHS-project/MyProject12/Content/2dSideScroller/Sprites/RunFrames/RunCycle_10.uasset" 21
"D:/Users/Katya/Documents/GitHub/NHS-project/MyProject12/Content/2dSideScroller/Sprites/RunFrames/RunCycle_11.uasset" 22
"D:/Users/Katya/Documents/GitHub/NHS-project/MyProject12/Content/2dSideScroller/Sprites/RunFrames/RunCycle_12.uasset" 23
"D:/Users/Katya/Documents/GitHub/NHS-project/MyProject12/Content/2dSideScroller/Sprites/RunFrames/RunCycle_13.uasset" 24
"D:/Users/Katya/Documents/GitHub/NHS-project/MyProject12/Content/2dSideScroller/Sprites/RunFrames/RunCycle_14.uasset" 25
"D:/Users/Katya/Documents/GitHub/NHS-project/MyProject12/Content/2dSideScroller/Sprites/RunFrames/RunCycle_15.uasset" 26
"D:/Users/Katya/Documents/GitHub/NHS-project/MyProject12/Content/2dSideScroller/Sprites/RunFrames/RunCycle_16.uasset" 27
"D:/Users/Katya/Documents/GitHub/NHS-project/MyProject12/Content/2dSideScroller/Sprites/RunFrames/RunCycle_2.uasset" 28
"D:/Users/Katya/Documents/GitHub/NHS-project/MyProject12/Content/2dSideScroller/Sprites/RunFrames/RunCycle_3.uasset" 29
"D:/Users/Katya/Documents/GitHub/NHS-project/MyProject12/Content/2dSideScroller/Sprites/RunFrames/RunCycle_4.uasset" 30
"D:/Users/Katya/Documents/GitHub/NHS-project/MyProject12/Content/2dSideScroller/Sprites/RunFrames/RunCycle_5.uasset" 31
"D:/Users/Katya/Documents/GitHub/NHS-project/MyProject12/Content/2dSideScroller/Sprites/RunFrames/RunCycle_6.uasset" 32
"D:/Users/Katya/Documents/GitHub/NHS-project/MyProject12/Content/2dSideScroller/Sprites/RunFrames/RunCycle_7.uasset" 33
"D:/Users/Katya/Documents/GitHub/NHS-project/MyProject12/Content/2dSideScroller/Sprites/RunFrames/RunCycle_8.uasset" 34
"D:/Users/Katya/Documents/GitHub/NHS-project/MyProject12/Content/2dSideScroller/Sprites/RunFrames/RunCycle_9.uasset" 35
"D:/Users/Katya/Documents/GitHub/NHS-project/MyProject12/Content/2DSideScroller/Sprites/RunningAnimation.uasset" 36
"D:/Users/Katya/Documents/GitHub/NHS-project/MyProject12/Content/2DSideScrollerBP/2DSideScrollerOverview.uasset" 37
"../../../Engine/Content/EditorBlueprintResources/StandardMacros.uasset" 38
"../../Plugins/2D/Paper2D/Content/TranslucentUnlitSpriteMaterial.uasset" 39
"D:/Users/Katya/Documents/GitHub/NHS-project/MyProject12/Content/Art/All_Assets.uasset" 40
"D:/Users/Katya/Documents/GitHub/NHS-project/MyProject12/Content/Art/All_Assets_Sprite_12.uasset" 41
"D:/Users/Katya/Documents/GitHub/NHS-project/MyProject12/Content/2DSideScrollerBP/Blueprints/ScoreProjectile.uasset" 42
"D:/Users/Katya/Documents/GitHub/NHS-project/MyProject12/Content/Art/Hat2.uasset" 43
"D:/Users/Katya/Documents/GitHub/NHS-project/MyProject12/Content/Art/Hat3.uasset" 44
"D:/Users/Katya/Documents/GitHub/NHS-project/MyProject12/Content/Art/HatMat.uasset" 45
"D:/Users/Katya/Documents/GitHub/NHS-project/MyProject12/Content/2DSideScrollerBP/Blueprints/Widgets/Lives.uasset" 46
"D:/Users/Katya/Documents/GitHub/NHS-project/MyProject12/Content/2DSideScrollerBP/Blueprints/Widgets/Main.uasset" 47
"D:/Users/Katya/Documents/GitHub/NHS-project/MyProject12/Content/Art/All_Assets_Sprite_0.uasset" 48
"D:/Users/Katya/Documents/GitHub/NHS-project/MyProject12/Content/Art/All_Assets_Sprite_1.uasset" 49
"D:/Users/Katya/Documents/GitHub/NHS-project/MyProject12/Content/Art/All_Assets_Sprite_11.uasset" 50
"D:/Users/Katya/Documents/GitHub/NHS-project/MyProject12/Content/Art/All_Assets_Sprite_2.uasset" 51
"D:/Users/Katya/Documents/GitHub/NHS-project/MyProject12/Content/Art/All_Assets_Sprite_3.uasset" 52
"D:/Users/Katya/Documents/GitHub/NHS-project/MyProject12/Content/Art/All_Assets_Sprite_4.uasset" 53
"D:/Users/Katya/Documents/GitHub/NHS-project/MyProject12/Content/Art/All_Assets_Sprite_5.uasset" 54
"D:/Users/Katya/Documents/GitHub/NHS-project/MyProject12/Content/Art/All_Assets_Sprite_6.uasset" 55
"D:/Users/Katya/Documents/GitHub/NHS-project/MyProject12/Content/Art/Bow.uasset" 56
"D:/Users/Katya/Documents/GitHub/NHS-project/MyProject12/Content/Art/IdleBow.uasset" 57
"D:/Users/Katya/Documents/GitHub/NHS-project/MyProject12/Content/Sounds/BackingTrack_01.uasset" 58
"D:/Users/Katya/Documents/GitHub/NHS-project/MyProject12/Content/Sounds/BackingTrack_01_Cue.uasset" 59
"D:/Users/Katya/Documents/GitHub/NHS-project/MyProject12/Content/Sounds/ThreeCreaks.uasset" 60
"D:/Users/Katya/Documents/GitHub/NHS-project/MyProject12/Content/Sounds/VictoryTrack.uasset" 61
"D:/Users/Katya/Documents/GitHub/NHS-project/MyProject12/Content/Sounds/VictoryTrack_Cue.uasset" 62
"D:/Users/Katya/Documents/GitHub/NHS-project/MyProject12/Content/2DSideScrollerBP/Blueprints/2DSideScrollerCharacter.uasset" 63
"D:/Users/Katya/Documents/GitHub/NHS-project/MyProject12/Content/2dSideScroller/Textures/2DBackgroundBlockAtlas.uasset" 64
"D:/Users/Katya/Documents/GitHub/NHS-project/MyProject12/Content/2DSideScroller/Sprites/Ledge.uasset" 65
"D:/Users/Katya/Documents/GitHub/NHS-project/MyProject12/Content/2DSideScrollerBP/Blueprints/Projectle.uasset" 66
"D:/Users/Katya/Documents/GitHub/NHS-project/MyProject12/Content/Art/All_Assets_Sprite_13.uasset" 67
"D:/Users/Katya/Documents/GitHub/NHS-project/MyProject12/Content/Art/All_Assets_Sprite_14.uasset" 68
"D:/Users/Katya/Documents/GitHub/NHS-project/MyProject12/Content/Art/All_Assets_Sprite_15.uasset" 69
"D:/Users/Katya/Documents/GitHub/NHS-project/MyProject12/Content/Art/All_Assets_Sprite_18.uasset" 70
"D:/Users/Katya/Documents/GitHub/NHS-project/MyProject12/Content/Art/Banana.uasset" 71
"D:/Users/Katya/Documents/GitHub/NHS-project/MyProject12/Content/Art/Watermelon.uasset" 72
"D:/Users/Katya/Documents/GitHub/NHS-project/MyProject12/Content/2DSideScrollerBP/Blueprints/Structures/SpriteStruct.uasset" 73
"D:/Users/Katya/Documents/GitHub/NHS-project/MyProject12/Content/2DSideScrollerBP/Blueprints/Widgets/Victory.uasset" 74
"D:/Users/Katya/Documents/GitHub/NHS-project/MyProject12/Content/Art/All_Assets_Sprite_20.uasset" 75
"D:/Users/Katya/Documents/GitHub/NHS-project/MyProject12/Content/Art/All_Assets_Sprite_21.uasset" 76
"D:/Users/Katya/Documents/GitHub/NHS-project/MyProject12/Content/Art/Background.uasset" 77
"D:/Users/Katya/Documents/GitHub/NHS-project/MyProject12/Content/Art/Characters.uasset" 78
"D:/Users/Katya/Documents/GitHub/NHS-project/MyProject12/Content/Art/Hats.uasset" 79
"D:/Users/Katya/Documents/GitHub/NHS-project/MyProject12/Content/Sounds/1stCreak.uasset" 80
"D:/Users/Katya/Documents/GitHub/NHS-project/MyProject12/Content/Sounds/2ndCreak.uasset" 81
"D:/Users/Katya/Documents/GitHub/NHS-project/MyProject12/Content/Sounds/3rdCreak.uasset" 82
"D:/Users/Katya/Documents/GitHub/NHS-project/MyProject12/Content/Sounds/AppleSlice_01.uasset" 83
"D:/Users/Katya/Documents/GitHub/NHS-project/MyProject12/Content/Sounds/AppleSlice_01_Cue.uasset" 84
"D:/Users/Katya/Documents/GitHub/NHS-project/MyProject12/Content/Sounds/BowPullBack.uasset" 85
"D:/Users/Katya/Documents/GitHub/NHS-project/MyProject12/Content/Sounds/BowReleaseShorterwav.uasset" 86
"D:/Users/Katya/Documents/GitHub/NHS-project/MyProject12/Content/Sounds/BowReleaseWithExtrawav.uasset" 87
"D:/Users/Katya/Documents/GitHub/NHS-project/MyProject12/Content/Sounds/BowThroughAir.uasset" 88
"D:/Users/Katya/Documents/GitHub/NHS-project/MyProject12/Content/Sounds/GeneralChop_01.uasset" 89
"D:/Users/Katya/Documents/GitHub/NHS-project/MyProject12/Content/Sounds/GeneralChop_01_Cue.uasset" 90
"D:/Users/Katya/Documents/GitHub/NHS-project/MyProject12/Content/Sounds/OrangeCut_01.uasset" 91
"D:/Users/Katya/Documents/GitHub/NHS-project/MyProject12/Content/Sounds/OrangeCut_01_Cue.uasset" 92
"D:/Users/Katya/Documents/GitHub/NHS-project/MyProject12/Content/Sounds/Squish_01.uasset" 93
"D:/Users/Katya/Documents/GitHub/NHS-project/MyProject12/Content/Sounds/Squish_01_Cue.uasset" 94
"../../../Engine/Content/Animation/DefaultAnimCurveCompressionSettings.uasset" 95
"../../../Engine/Content/Functions/Engine_MaterialFunctions01/Opacity/CameraDepthFade.uasset" 96
"../../../Engine/Content/EngineMaterials/T_Default_Material_Grid_M.uasset" 97
"../../../Engine/Content/EngineMaterials/T_Default_Material_Grid_N.uasset" 98
"../../../Engine/Content/EngineMaterials/WorldGridMaterial.uasset" 99
"../../../Engine/Content/ArtTools/RenderToTexture/Meshes/S_1_Unit_Plane.uasset" 100
"../../../Engine/Content/EngineMaterials/DefaultMaterial.uasset" 101
"../../../Engine/Content/BasicShapes/Cone.uasset" 102
"../../../Engine/Content/BasicShapes/Cube.uasset" 103
"../../../Engine/Content/BasicShapes/Cylinder.uasset" 104
"../../../Engine/Content/BasicShapes/Plane.uasset" 105
"../../../Engine/Content/BasicShapes/Sphere.uasset" 106
"../../../Engine/Content/EditorLandscapeResources/DataLayer.uasset" 107
"../../../Engine/Content/EditorMaterials/GizmoMaterial.uasset" 108
"../../../Engine/Content/EditorMaterials/MAT_Groups_Toggle.uasset" 109
"../../../Engine/Content/EditorMaterials/MAT_Groups_Visibility.uasset" 110
"../../../Engine/Content/EditorMaterials/PreviewShadowIndicator.uasset" 111
"../../../Engine/Content/EditorMaterials/PreviewShadowIndicatorMaterial.uasset" 112
"../../../Engine/Content/EditorMaterials/MatineeGroups/MAT_ColorTrack.uasset" 113
"../../../Engine/Content/EditorMaterials/MatineeGroups/MAT_Groups_Anim.uasset" 114
"../../../Engine/Content/EditorMaterials/MatineeGroups/MAT_Groups_AudioMaster.uasset" 115
"../../../Engine/Content/EditorMaterials/MatineeGroups/MAT_Groups_Director.uasset" 116
"../../../Engine/Content/EditorMaterials/MatineeGroups/MAT_Groups_Event.uasset" 117
"../../../Engine/Content/EditorMaterials/MatineeGroups/MAT_Groups_Fade.uasset" 118
"../../../Engine/Content/EditorMaterials/MatineeGroups/MAT_Groups_Float.uasset" 119
"../../../Engine/Content/EditorMaterials/MatineeGroups/MAT_Groups_Move.uasset" 120
"../../../Engine/Content/EditorMaterials/MatineeGroups/MAT_Groups_Slomo.uasset" 121
"../../../Engine/Content/EditorMaterials/MatineeGroups/MAT_Groups_Sound.uasset" 122
"../../../Engine/Content/EditorMaterials/MatineeGroups/MAT_Groups_Vector.uasset" 123
"../../../Engine/Content/EditorMaterials/ParticleSystems/PSysThumbnail_NoImage.uasset" 124
"../../../Engine/Content/EditorMaterials/ParticleSystems/PSysThumbnail_OOD.uasset" 125
"../../../Engine/Content/EditorMaterials/Camera/CineMat.uasset" 126
"../../../Engine/Content/EditorMaterials/Camera/MI_CineMat_Rig.uasset" 127
"../../../Engine/Content/EditorMeshes/Camera/SM_CraneRig_Arm.uasset" 128
"../../../Engine/Content/EditorMeshes/Camera/SM_CraneRig_Base.uasset" 129
"../../../Engine/Content/EditorMeshes/Camera/SM_CraneRig_Body.uasset" 130
"../../../Engine/Content/EditorMeshes/Camera/SM_CraneRig_Mount.uasset" 131
"../../../Engine/Content/EditorMeshes/Camera/SM_RailRig_Mount.uasset" 132
"../../../Engine/Content/EditorMeshes/Camera/SM_RailRig_Track.uasset" 133
"../../../Engine/Content/EditorResources/BSPVertex.uasset" 134
"../../../Engine/Content/EditorResources/EmptyActor.uasset" 135
"../../../Engine/Content/EditorResources/S_Actor.uasset" 136
"../../../Engine/Content/EditorResources/S_Note.uasset" 137
"../../../Engine/Content/EditorResources/S_Trigger.uasset" 138
"../../../Engine/Content/EditorResources/SequenceRecorder/Countdown.uasset" 139
"../../../Engine/Content/EditorResources/SequenceRecorder/RecordingIndicator.uasset" 140
"../../../Engine/Content/EditorSounds/Notifications/CompileFailed.uasset" 141
"../../../Engine/Content/EditorSounds/Notifications/CompileFailed_Cue.uasset" 142
"../../../Engine/Content/EditorSounds/Notifications/CompileSuccess.uasset" 143
"../../../Engine/Content/EditorSounds/Notifications/CompileStart_Cue.uasset" 144
"../../../Engine/Content/EditorSounds/Notifications/CompileSuccess_Cue.uasset" 145
"../../../Engine/Content/EngineDamageTypes/DmgTypeBP_Environmental.uasset" 146
"../../../Engine/Content/EngineDebugMaterials/HeatmapGradient.uasset" 147
"../../../Engine/Content/EngineDebugMaterials/BoneWeightMaterial.uasset" 148
"../../../Engine/Content/EngineDebugMaterials/ClothMaterial.uasset" 149
"../../../Engine/Content/EngineDebugMaterials/ClothMaterial_WF.uasset" 150
"../../../Engine/Content/EngineDebugMaterials/DebugEditorMaterial.uasset" 151
"../../../Engine/Content/EngineDebugMaterials/DebugMeshMaterial.uasset" 152
"../../../Engine/Content/EngineDebugMaterials/GeomMaterial.uasset" 153
"../../../Engine/Content/EngineDebugMaterials/M_SimpleTranslucent.uasset" 154
"../../../Engine/Content/EngineFonts/Faces/RobotoBold.uasset" 155
"../../../Engine/Content/EngineFonts/Faces/RobotoBoldItalic.uasset" 156
"../../../Engine/Content/EngineFonts/Faces/RobotoItalic.uasset" 157
"../../../Engine/Content/EngineFonts/Faces/RobotoLight.uasset" 158
"../../../Engine/Content/EngineFonts/Faces/RobotoRegular.uasset" 159
"../../../Engine/Content/EngineFonts/Roboto.uasset" 160
"../../../Engine/Content/EngineFonts/Faces/RobotoTiny.uasset" 161
"../../../Engine/Content/EngineFonts/RobotoTiny.uasset" 162
"../../../Engine/Content/EngineMaterials/BaseFlattenDiffuseMap.uasset" 163
"../../../Engine/Content/EngineMaterials/BaseFlattenEmissiveMap.uasset" 164
"../../../Engine/Content/EngineMaterials/BaseFlattenGrayscaleMap.uasset" 165
"../../../Engine/Content/EngineMaterials/BaseFlattenNormalMap.uasset" 166
"../../../Engine/Content/EngineMaterials/BaseFlattenMaterial.uasset" 167
"../../../Engine/Content/EngineMaterials/DefaultBloomKernel.uasset" 168
"../../../Engine/Content/EngineMaterials/DefaultBokeh.uasset" 169
"../../../Engine/Content/EngineMaterials/DefaultDiffuse.uasset" 170
"../../../Engine/Content/EngineMaterials/DefaultDeferredDecalMaterial.uasset" 171
"../../../Engine/Content/EngineMaterials/DefaultLightFunctionMaterial.uasset" 172
"../../../Engine/Content/EngineMaterials/DefaultPhysicalMaterial.uasset" 173
"../../../Engine/Content/Functions/Engine_MaterialFunctions02/Utility/BreakOutFloat2Components.uasset" 174
"../../../Engine/Content/EngineMaterials/DefaultPostProcessMaterial.uasset" 175
"../../../Engine/Content/EngineFonts/RobotoDistanceField.uasset" 176
"../../../Engine/Content/EngineMaterials/DefaultTextMaterialOpaque.uasset" 177
"../../../Engine/Content/EngineMaterials/DefaultWhiteGrid.uasset" 178
"../../../Engine/Content/EngineMaterials/EditorBrushMaterial.uasset" 179
"../../../Engine/Content/EngineMaterials/Good64x64TilingNoiseHighFreq.uasset" 180
"../../../Engine/Content/EngineMaterials/MiniFont.uasset" 181
"../../../Engine/Content/EngineMaterials/InvalidLightmapSettings.uasset" 182
"../../../Engine/Content/EngineMaterials/M_InvalidLightmapSettings.uasset" 183
"../../../Engine/Content/Functions/Engine_MaterialFunctions02/WorldPositionOffset/CameraOffset.uasset" 184
"../../../Engine/Content/EngineMaterials/PhAT_JointLimitMaterial.uasset" 185
"../../../Engine/Content/EngineMaterials/PreintegratedSkinBRDF.uasset" 186
"../../../Engine/Content/EngineMaterials/RemoveSurfaceMaterial.uasset" 187
"../../../Engine/Content/EngineMaterials/WeightMapPlaceholderTexture.uasset" 188
"../../../Engine/Content/EngineResources/WhiteSquareTexture.uasset" 189
"../../../Engine/Content/EngineMaterials/Widget3DPassThrough.uasset" 190
"../../../Engine/Content/EngineMaterials/Widget3DPassThrough_Masked.uasset" 191
"../../../Engine/Content/EngineMaterials/Widget3DPassThrough_Opaque.uasset" 192
"../../../Engine/Content/EngineMaterials/Widget3DPassThrough_Masked_OneSided.uasset" 193
"../../../Engine/Content/EngineMaterials/Widget3DPassThrough_Opaque_OneSided.uasset" 194
"../../../Engine/Content/EngineMaterials/Widget3DPassThrough_Translucent.uasset" 195
"../../../Engine/Content/EngineMaterials/Widget3DPassThrough_Translucent_OneSided.uasset" 196
"../../../Engine/Content/EngineMeshes/Cylinder.uasset" 197
"../../../Engine/Content/EngineMeshes/Sphere.uasset" 198
"../../../Engine/Content/EngineResources/Black.uasset" 199
"../../../Engine/Content/EngineResources/DefaultTexture.uasset" 200
"../../../Engine/Content/EngineResources/DefaultTextureCube.uasset" 201
"../../../Engine/Content/EngineResources/DefaultVolumeTexture2D.uasset" 202
"../../../Engine/Content/EngineResources/DefaultVolumeTexture.uasset" 203
"../../../Engine/Content/EngineResources/GradientTexture0.uasset" 204
"../../../Engine/Content/EngineSounds/Master.uasset" 205
"../../../Engine/Content/Functions/Engine_MaterialFunctions01/Shading/ConvertFromDiffSpec.uasset" 206
"../../../Engine/Content/Functions/Engine_MaterialFunctions01/Shading/PowerToRoughness.uasset" 207
"../../../Engine/Content/Maps/Templates/Thumbnails/Default.uasset" 208
"../../../Engine/Content/Maps/Templates/Thumbnails/VR-Basic.uasset" 209
"../../../Engine/Content/MobileResources/T_MobileControls_texture.uasset" 210
"../../../Engine/Content/MobileResources/T_MobileMenu2.uasset" 211
"../../../Engine/Content/MobileResources/HUD/AnalogHat.uasset" 212
"../../../Engine/Content/MobileResources/HUD/VirtualJoystick_Background.uasset" 213
"../../../Engine/Content/MobileResources/HUD/VirtualJoystick_Thumb.uasset" 214
"../../../Engine/Content/MobileResources/HUD/DefaultVirtualJoysticks.uasset" 215
"../../../Engine/Content/MobileResources/HUD/LeftVirtualJoystickOnly.uasset" 216
"../../../Engine/Content/MobileResources/HUD/MobileHUDButton1_off.uasset" 217
"../../../Engine/Content/MobileResources/HUD/MobileHUDButton1_on.uasset" 218
"../../../Engine/Content/MobileResources/HUD/MobileHUDButton2_off.uasset" 219
"../../../Engine/Content/MobileResources/HUD/MobileHUDButton2_on.uasset" 220
"../../../Engine/Content/MobileResources/HUD/MobileHUDButton3.uasset" 221
"../../../Engine/Content/MobileResources/HUD/MobileHUDButtonFire.uasset" 222
"../../../Engine/Content/MobileResources/HUD/MobileHUDDirectionPad.uasset" 223
"../../../Engine/Content/MobileResources/HUD/MobileHUDDirectionPad2.uasset" 224
"../../../Engine/Content/MobileResources/HUD/MobileHUDDirectionPad3.uasset" 225
"../../../Engine/Content/MobileResources/HUD/MobileHUDDirectionStick.uasset" 226
"../../../Engine/Content/MobileResources/HUD/T_Castle_ThumbstickInner.uasset" 227
"../../../Engine/Content/MobileResources/HUD/T_Castle_ThumbstickOutter.uasset" 228
"../../../Engine/Content/Tutorial/ContentIntroCurve.uasset" 229
"../../../Engine/Content/Tutorial/Basics/LevelEditorAttract.uasset" 230
"../../../Engine/Content/Tutorial/Installation/InstallingVisualStudioTutorial.uasset" 231
"../../../Engine/Content/Tutorial/Mobile/TutorialAssets/android_Icon.uasset" 232
"../../../Engine/Content/Tutorial/Mobile/SettingUpAndroidTutorial.uasset" 233
"../../../Engine/Content/VREditor/LaserPointer/VR_LaserPower_01.uasset" 234
"../../../Engine/Content/VREditor/TransformGizmo/TransformGizmoMaterial.uasset" 235
"../../../Engine/Content/VREditor/TransformGizmo/TranslucentTransformGizmoMaterial.uasset" 236
"../../../Engine/Content/VREditor/TransformGizmo/BoundingBoxCorner.uasset" 237
"../../../Engine/Content/VREditor/TransformGizmo/BoundingBoxEdge.uasset" 238
"../../../Engine/Content/VREditor/TransformGizmo/PlaneTranslationHandle.uasset" 239
"../../../Engine/Content/VREditor/TransformGizmo/Main.uasset" 240
"../../../Engine/Content/VREditor/TransformGizmo/Xray.uasset" 241
"../../../Engine/Content/VREditor/TransformGizmo/SM_Sequencer_Key.uasset" 242
"../../../Engine/Content/VREditor/TransformGizmo/SM_Sequencer_Node.uasset" 243
"../../Plugins/2D/Paper2D/Content/DummySprite.uasset" 244
"../../Plugins/2D/Paper2D/Content/DefaultPaperTerrainMaterial.uasset" 245
"../../Plugins/2D/Paper2D/Content/MaskedUnlitSpriteMaterial.uasset" 246
"../../Plugins/Runtime/Oculus/OculusVR/Content/OculusMR_RenderTarget.uasset" 247
"../../../Engine/Content/Functions/Engine_MaterialFunctions02/Utility/BreakOutFloat4Components.uasset" 248
"../../../Engine/Content/Functions/Engine_MaterialFunctions02/Utility/MakeFloat2.uasset" 249
"../../../Engine/Content/Functions/Engine_MaterialFunctions02/Utility/MakeFloat3.uasset" 250
"../../Plugins/Runtime/Oculus/OculusVR/Content/Materials/OculusMR_ChromaKey.uasset" 251
"../../Plugins/Runtime/Oculus/OculusVR/Content/Materials/OculusMR_ChromaKey_Lit.uasset" 252
"../../Plugins/Runtime/Oculus/OculusVR/Content/Materials/OculusMR_OpaqueColoredMaterial.uasset" 253
"../../Plugins/Runtime/Oculus/OculusVR/Content/Materials/OculusMR_WhiteMaterial.uasset" 254
"../../Plugins/Runtime/Oculus/OculusVR/Content/Materials/PokeAHoleMaterial.uasset" 255
"../../Plugins/Runtime/Oculus/OculusVR/Content/Textures/GearVRController_AO.uasset" 256
"../../Plugins/Runtime/Oculus/OculusVR/Content/Textures/GearVRController_Color.uasset" 257
"../../Plugins/Runtime/Oculus/OculusVR/Content/Textures/GearVRController_Normal.uasset" 258
"../../Plugins/Runtime/Oculus/OculusVR/Content/Materials/GearVRControllerMaterial.uasset" 259
"../../Plugins/Runtime/Oculus/OculusVR/Content/Meshes/GearVrController.uasset" 260
"../../Plugins/Runtime/Oculus/OculusVR/Content/Textures/touchController_albedo.uasset" 261
"../../Plugins/Runtime/Oculus/OculusVR/Content/Textures/touchController_controlmap.uasset" 262
"../../Plugins/Runtime/Oculus/OculusVR/Content/Materials/touchController_mat.uasset" 263
"../../Plugins/Runtime/Oculus/OculusVR/Content/Meshes/LeftTouchController.uasset" 264
"../../Plugins/Runtime/Oculus/OculusVR/Content/Meshes/RiftHMD.uasset" 265
"../../Plugins/Runtime/Oculus/OculusVR/Content/Meshes/RightTouchController.uasset" 266
"D:/Users/Katya/Documents/GitHub/NHS-project/MyProject12/Content/2DSideScrollerBP/Blueprints/2DSideScrollerGameMode.uasset" 267
"D:/Users/Katya/Documents/GitHub/NHS-project/MyProject12/Content/Art/Rubbish1.uasset" 268
"D:/Users/Katya/Documents/GitHub/NHS-project/MyProject12/Content/Art/Rubbish2.uasset" 269
"D:/Users/Katya/Documents/GitHub/NHS-project/MyProject12/Content/Art/Rubbish3.uasset" 270
"D:/Users/Katya/Documents/GitHub/NHS-project/MyProject12/Content/Sounds/Cancel.uasset" 271
"D:/Users/Katya/Documents/GitHub/NHS-project/MyProject12/Content/Sounds/Cancel_Cue.uasset" 272
"D:/Users/Katya/Documents/GitHub/NHS-project/MyProject12/Content/Sounds/Confirm.uasset" 273
"D:/Users/Katya/Documents/GitHub/NHS-project/MyProject12/Content/Sounds/Confirm_Cue.uasset" 274
"D:/Users/Katya/Documents/GitHub/NHS-project/MyProject12/Content/Sounds/GeneralSlice_01.uasset" 275
"D:/Users/Katya/Documents/GitHub/NHS-project/MyProject12/Content/Sounds/GeneralSlice_01_Cue.uasset" 276
"D:/Users/Katya/Documents/GitHub/NHS-project/MyProject12/Content/Sounds/StrawberryHit_01.uasset" 277
"D:/Users/Katya/Documents/GitHub/NHS-project/MyProject12/Content/Sounds/StrawberryHit_01_Cue.uasset" 278
"D:/Users/Katya/Documents/GitHub/NHS-project/MyProject12/Content/2DSideScrollerBP/Blueprints/Target.uasset" 279
"D:/Users/Katya/Documents/GitHub/NHS-project/MyProject12/Content/2DSideScrollerBP/Blueprints/RubbishTarget.uasset" 280
"D:/Users/Katya/Documents/GitHub/NHS-project/MyProject12/Content/2DSideScrollerBP/Blueprints/Targetpopper.uasset" 281
"D:/Users/Katya/Documents/GitHub/NHS-project/MyProject12/Content/2DSideScrollerBP/Blueprints/RubbishPopper.uasset" 282
"D:/Users/Katya/Documents/GitHub/NHS-project/MyProject12/Content/2DSideScrollerBP/Maps/2DSideScrollerExampleMap_BuiltData.uasset" 283
"../../../Engine/Content/MapTemplates/Bokeh_5Sides.uasset" 284
"../../../Engine/Content/MapTemplates/T_ScreenDirt02_w.uasset" 285
"D:/Users/Katya/Documents/GitHub/NHS-project/MyProject12/Content/Art/forest_background.uasset" 286
"D:/Users/Katya/Documents/GitHub/NHS-project/MyProject12/Content/Sprites/Background.uasset" 287
"D:/Users/Katya/Documents/GitHub/NHS-project/MyProject12/Content/2DSideScrollerBP/Maps/2DSideScrollerExampleMap.umap" 288
"D:/Users/Katya/Documents/GitHub/NHS-project/MyProject12/Content/2DSideScrollerBP/Maps/Victory.umap" 289
"../../../Engine/Content/Maps/Entry_BuiltData.uasset" 290
"../../../Engine/Content/Maps/Entry.umap" 291
